<?xml version="1.0" encoding="UTF-8"?>
<!-- Generated by org.testng.reporters.JUnitXMLReporter -->
<testsuite hostname="360NDCLP086" name="Test" tests="1" failures="0" timestamp="19 Feb 2020 16:54:36 GMT" time="23.643" errors="0">
  <testcase name="@BeforeMethod setUp" time="0.0" classname="com.app.testscripts.InputForm">
    <failure type="org.openqa.selenium.SessionNotCreatedException" message="session not created
from chrome not reachable
  (Session info: chrome=80.0.3987.106)
Build info: version: &amp;apos;3.141.59&amp;apos;, revision: &amp;apos;e82be7d358&amp;apos;, time: &amp;apos;2018-11-14T08:17:03&amp;apos;
System info: host: &amp;apos;360NDCLP086&amp;apos;, ip: &amp;apos;192.168.1.5&amp;apos;, os.name: &amp;apos;Windows 10&amp;apos;, os.arch: &amp;apos;amd64&amp;apos;, os.version: &amp;apos;10.0&amp;apos;, java.version: &amp;apos;1.8.0_191&amp;apos;
Driver info: driver.version: ChromeDriver
remote stacktrace: Backtrace:
	Ordinal0 [0x0032A113+1548563]
	Ordinal0 [0x002ADDA1+1039777]
	Ordinal0 [0x0022E32E+516910]
	Ordinal0 [0x00228012+491538]
	Ordinal0 [0x002286EB+493291]
	Ordinal0 [0x00229855+497749]
	Ordinal0 [0x00225885+481413]
	Ordinal0 [0x0022F0D0+520400]
	Ordinal0 [0x001DC030+180272]
	Ordinal0 [0x001DB59D+177565]
	Ordinal0 [0x001D95FB+169467]
	Ordinal0 [0x001C160A+71178]
	Ordinal0 [0x001C2690+75408]
	Ordinal0 [0x001C2629+75305]
	Ordinal0 [0x002C71B7+1143223]
	GetHandleVerifier [0x003C2B46+507814]
	GetHandleVerifier [0x003C2864+507076]
	GetHandleVerifier [0x003C9F47+537511]
	GetHandleVerifier [0x003C3402+510050]
	Ordinal0 [0x002BF29C+1110684]
	Ordinal0 [0x002C938B+1151883]
	Ordinal0 [0x002C94F3+1152243]
	Ordinal0 [0x002C83F5+1147893]
	BaseThreadInitThunk [0x74A06359+25]
	RtlGetAppContainerNamedObjectPath [0x77107B74+228]
	RtlGetAppContainerNamedObjectPath [0x77107B44+180]
">
      <![CDATA[org.openqa.selenium.SessionNotCreatedException: session not created
from chrome not reachable
  (Session info: chrome=80.0.3987.106)
Build info: version: '3.141.59', revision: 'e82be7d358', time: '2018-11-14T08:17:03'
System info: host: '360NDCLP086', ip: '192.168.1.5', os.name: 'Windows 10', os.arch: 'amd64', os.version: '10.0', java.version: '1.8.0_191'
Driver info: driver.version: ChromeDriver
remote stacktrace: Backtrace:
	Ordinal0 [0x0032A113+1548563]
	Ordinal0 [0x002ADDA1+1039777]
	Ordinal0 [0x0022E32E+516910]
	Ordinal0 [0x00228012+491538]
	Ordinal0 [0x002286EB+493291]
	Ordinal0 [0x00229855+497749]
	Ordinal0 [0x00225885+481413]
	Ordinal0 [0x0022F0D0+520400]
	Ordinal0 [0x001DC030+180272]
	Ordinal0 [0x001DB59D+177565]
	Ordinal0 [0x001D95FB+169467]
	Ordinal0 [0x001C160A+71178]
	Ordinal0 [0x001C2690+75408]
	Ordinal0 [0x001C2629+75305]
	Ordinal0 [0x002C71B7+1143223]
	GetHandleVerifier [0x003C2B46+507814]
	GetHandleVerifier [0x003C2864+507076]
	GetHandleVerifier [0x003C9F47+537511]
	GetHandleVerifier [0x003C3402+510050]
	Ordinal0 [0x002BF29C+1110684]
	Ordinal0 [0x002C938B+1151883]
	Ordinal0 [0x002C94F3+1152243]
	Ordinal0 [0x002C83F5+1147893]
	BaseThreadInitThunk [0x74A06359+25]
	RtlGetAppContainerNamedObjectPath [0x77107B74+228]
	RtlGetAppContainerNamedObjectPath [0x77107B44+180]

	at org.openqa.selenium.remote.W3CHandshakeResponse.lambda$errorHandler$0(W3CHandshakeResponse.java:62)
	at org.openqa.selenium.remote.HandshakeResponse.lambda$getResponseFunction$0(HandshakeResponse.java:30)
	at org.openqa.selenium.remote.ProtocolHandshake.lambda$createSession$0(ProtocolHandshake.java:126)
	at java.util.stream.ReferencePipeline$3$1.accept(ReferencePipeline.java:193)
	at java.util.Spliterators$ArraySpliterator.tryAdvance(Spliterators.java:958)
	at java.util.stream.ReferencePipeline.forEachWithCancel(ReferencePipeline.java:126)
	at java.util.stream.AbstractPipeline.copyIntoWithCancel(AbstractPipeline.java:498)
	at java.util.stream.AbstractPipeline.copyInto(AbstractPipeline.java:485)
	at java.util.stream.AbstractPipeline.wrapAndCopyInto(AbstractPipeline.java:471)
	at java.util.stream.FindOps$FindOp.evaluateSequential(FindOps.java:152)
	at java.util.stream.AbstractPipeline.evaluate(AbstractPipeline.java:234)
	at java.util.stream.ReferencePipeline.findFirst(ReferencePipeline.java:464)
	at org.openqa.selenium.remote.ProtocolHandshake.createSession(ProtocolHandshake.java:128)
	at org.openqa.selenium.remote.ProtocolHandshake.createSession(ProtocolHandshake.java:74)
	at org.openqa.selenium.remote.HttpCommandExecutor.execute(HttpCommandExecutor.java:136)
	at org.openqa.selenium.remote.service.DriverCommandExecutor.execute(DriverCommandExecutor.java:83)
	at org.openqa.selenium.remote.RemoteWebDriver.execute(RemoteWebDriver.java:552)
	at org.openqa.selenium.remote.RemoteWebDriver.startSession(RemoteWebDriver.java:213)
	at org.openqa.selenium.remote.RemoteWebDriver.<init>(RemoteWebDriver.java:131)
	at org.openqa.selenium.chrome.ChromeDriver.<init>(ChromeDriver.java:181)
	at org.openqa.selenium.chrome.ChromeDriver.<init>(ChromeDriver.java:168)
	at org.openqa.selenium.chrome.ChromeDriver.<init>(ChromeDriver.java:157)
	at com.app.utils.DriverTestCase.setUp(DriverTestCase.java:93)
	at org.apache.maven.surefire.testng.TestNGExecutor.run(TestNGExecutor.java:293)
	at org.apache.maven.surefire.testng.TestNGXmlTestSuite.execute(TestNGXmlTestSuite.java:84)
	at org.apache.maven.surefire.testng.TestNGProvider.invoke(TestNGProvider.java:91)
	at org.apache.maven.surefire.booter.ForkedBooter.invokeProviderInSameClassLoader(ForkedBooter.java:200)
	at org.apache.maven.surefire.booter.ForkedBooter.runSuitesInProcess(ForkedBooter.java:153)
	at org.apache.maven.surefire.booter.ForkedBooter.main(ForkedBooter.java:103)
... Removed 28 stack frames]]>
    </failure>
  </testcase> <!-- @BeforeMethod setUp -->
  <testcase name="@AfterMethod tearDowm" time="0.0" classname="com.app.testscripts.InputForm">
    <skipped/>
  </testcase> <!-- @AfterMethod tearDowm -->
  <testcase name="TestInputForm" time="0.001" classname="com.app.testscripts.InputForm">
    <skipped/>
  </testcase> <!-- TestInputForm -->
</testsuite> <!-- Test -->
